<?xml version="1.0" encoding="UTF-8"?>
<testng-results ignored="0" total="1" passed="1" failed="0" skipped="0">
  <reporter-output>
  </reporter-output>
  <suite started-at="2025-06-30T04:55:45 IST" name="Suite" finished-at="2025-06-30T04:56:27 IST" duration-ms="41787">
    <groups>
    </groups>
    <test started-at="2025-06-30T04:55:45 IST" name="Test" finished-at="2025-06-30T04:56:27 IST" duration-ms="41787">
      <class name="com.enterprise.automation.tests.LoginTest">
        <test-method is-config="true" signature="springTestContextBeforeTestClass()[pri:0, instance:com.enterprise.automation.tests.LoginTest@5471388b]" started-at="2025-06-30T04:55:45 IST" name="springTestContextBeforeTestClass" finished-at="2025-06-30T04:55:45 IST" duration-ms="13" status="PASS">
          <reporter-output>
          </reporter-output>
        </test-method> <!-- springTestContextBeforeTestClass -->
        <test-method is-config="true" signature="springTestContextPrepareTestInstance()[pri:0, instance:com.enterprise.automation.tests.LoginTest@5471388b]" started-at="2025-06-30T04:55:45 IST" name="springTestContextPrepareTestInstance" finished-at="2025-06-30T04:55:47 IST" depends-on-methods="org.springframework.test.context.testng.AbstractTestNGSpringContextTests.springTestContextBeforeTestClass" duration-ms="1704" status="PASS">
          <reporter-output>
          </reporter-output>
        </test-method> <!-- springTestContextPrepareTestInstance -->
        <test-method is-config="true" signature="springTestContextBeforeTestMethod(java.lang.reflect.Method)[pri:0, instance:com.enterprise.automation.tests.LoginTest@5471388b]" started-at="2025-06-30T04:55:47 IST" name="springTestContextBeforeTestMethod" finished-at="2025-06-30T04:55:48 IST" duration-ms="638" status="PASS">
          <params>
            <param index="0">
              <value>
                <![CDATA[public void com.enterprise.automation.tests.LoginTest.verifyLoginSuccess()]]>
              </value>
            </param>
          </params>
          <reporter-output>
          </reporter-output>
        </test-method> <!-- springTestContextBeforeTestMethod -->
        <test-method is-config="true" signature="setUp()[pri:0, instance:com.enterprise.automation.tests.LoginTest@5471388b]" started-at="2025-06-30T04:55:48 IST" name="setUp" finished-at="2025-06-30T04:55:50 IST" duration-ms="1902" status="PASS">
          <reporter-output>
          </reporter-output>
        </test-method> <!-- setUp -->
        <test-method signature="verifyLoginSuccess()[pri:0, instance:com.enterprise.automation.tests.LoginTest@5471388b]" started-at="2025-06-30T04:55:50 IST" name="verifyLoginSuccess" finished-at="2025-06-30T04:56:27 IST" duration-ms="36884" status="PASS">
          <reporter-output>
          </reporter-output>
        </test-method> <!-- verifyLoginSuccess -->
        <test-method is-config="true" signature="tearDown()[pri:0, instance:com.enterprise.automation.tests.LoginTest@5471388b]" started-at="2025-06-30T04:56:27 IST" name="tearDown" finished-at="2025-06-30T04:56:27 IST" duration-ms="512" status="PASS">
          <reporter-output>
          </reporter-output>
        </test-method> <!-- tearDown -->
        <test-method is-config="true" signature="springTestContextAfterTestMethod(java.lang.reflect.Method)[pri:0, instance:com.enterprise.automation.tests.LoginTest@5471388b]" started-at="2025-06-30T04:56:27 IST" name="springTestContextAfterTestMethod" finished-at="2025-06-30T04:56:27 IST" duration-ms="9" status="PASS">
          <params>
            <param index="0">
              <value>
                <![CDATA[public void com.enterprise.automation.tests.LoginTest.verifyLoginSuccess()]]>
              </value>
            </param>
          </params>
          <reporter-output>
          </reporter-output>
        </test-method> <!-- springTestContextAfterTestMethod -->
        <test-method is-config="true" signature="springTestContextAfterTestClass()[pri:0, instance:com.enterprise.automation.tests.LoginTest@5471388b]" started-at="2025-06-30T04:56:27 IST" name="springTestContextAfterTestClass" finished-at="2025-06-30T04:56:27 IST" duration-ms="4" status="PASS">
          <reporter-output>
          </reporter-output>
        </test-method> <!-- springTestContextAfterTestClass -->
      </class> <!-- com.enterprise.automation.tests.LoginTest -->
    </test> <!-- Test -->
  </suite> <!-- Suite -->
</testng-results>
